<?xml version="1.0" encoding="UTF-8"?>
<!-- Generated by org.testng.reporters.JUnitReportReporter -->
<testsuite hostname="DESKTOP-QMSQO3B" failures="0" tests="9" name="crossbrowsertesting.RegisterDemo" time="44.417" errors="0" timestamp="01 Nov 2020 14:49:08 GMT" skipped="0">
  <testcase classname="crossbrowsertesting.RegisterDemo" name="navigateToRegisterDemo" time="2.502"/>
  <testcase classname="crossbrowsertesting.RegisterDemo" name="navigateToRegisterDemo" time="2.281"/>
  <testcase classname="crossbrowsertesting.RegisterDemo" name="navigateToRegisterDemo" time="2.826"/>
  <testcase classname="crossbrowsertesting.RegisterDemo" name="registerDemo" time="13.976"/>
  <testcase classname="crossbrowsertesting.RegisterDemo" name="registerDemo" time="12.865"/>
  <testcase classname="crossbrowsertesting.RegisterDemo" name="registerDemo" time="9.246"/>
  <testcase classname="crossbrowsertesting.RegisterDemo" name="validateSuccessfulMsg" time="0.369"/>
  <testcase classname="crossbrowsertesting.RegisterDemo" name="validateSuccessfulMsg" time="0.167"/>
  <testcase classname="crossbrowsertesting.RegisterDemo" name="validateSuccessfulMsg" time="0.185"/>
</testsuite> <!-- crossbrowsertesting.RegisterDemo -->
